Tue 2015.11.17 at 08:51:15:215 PM IRST Thread ID :1
transaction completed successfully
Tue 2015.11.17 at 08:51:15:246 PM IRST Thread ID :1
transaction completed successfully
Tue 2015.11.17 at 09:34:33:112 PM IRST Thread ID :1
transaction completed successfully
Tue 2015.11.17 at 09:34:33:140 PM IRST Thread ID :1
transaction completed successfully
Wed 2015.11.18 at 01:16:00:150 AM IRST Thread ID :1
transaction completed successfully
Wed 2015.11.18 at 01:16:00:181 AM IRST Thread ID :1
transaction completed successfully
Wed 2015.11.18 at 01:17:07:498 AM IRST Thread ID :1
transaction completed successfully
Wed 2015.11.18 at 01:17:07:530 AM IRST Thread ID :1
transaction completed successfully
Wed 2015.11.18 at 12:55:50:967 PM IRST Thread ID :1
Server connection failed!
Wed 2015.11.18 at 01:02:44:649 PM IRST Thread ID :1
Server connection failed!
Wed 2015.11.18 at 01:31:52:902 PM IRST Thread ID :1
transaction completed successfully
Wed 2015.11.18 at 01:31:52:932 PM IRST Thread ID :1
transaction completed successfully
Wed 2015.11.18 at 01:36:51:712 PM IRST Thread ID :1
response.xml file curropted!
Wed 2015.11.18 at 01:36:51:738 PM IRST Thread ID :1
response.xml file curropted!
Wed 2015.11.18 at 05:28:44:000 PM IRST Thread ID :1
transaction completed successfully
Wed 2015.11.18 at 05:28:44:027 PM IRST Thread ID :1
transaction completed successfully
Wed 2015.11.18 at 05:34:53:771 PM IRST Thread ID :1
transaction completed successfully
Wed 2015.11.18 at 05:35:16:301 PM IRST Thread ID :1
transaction completed successfully
Wed 2015.11.18 at 05:37:11:487 PM IRST Thread ID :1
transaction completed successfully
Wed 2015.11.18 at 05:37:11:539 PM IRST Thread ID :1
transaction completed successfully
Wed 2015.11.18 at 05:57:35:221 PM IRST Thread ID :1
transaction completed successfully
Wed 2015.11.18 at 05:57:35:269 PM IRST Thread ID :1
transaction completed successfully
Wed 2015.11.18 at 05:59:17:356 PM IRST Thread ID :1
transaction completed successfully
Wed 2015.11.18 at 05:59:17:445 PM IRST Thread ID :1
transaction completed successfully
Wed 2015.11.18 at 06:09:38:194 PM IRST Thread ID :1
transaction completed successfully
Wed 2015.11.18 at 06:09:38:288 PM IRST Thread ID :1
transaction completed successfully
Wed 2015.11.18 at 06:10:34:319 PM IRST Thread ID :1
transaction completed successfully
Wed 2015.11.18 at 06:10:34:367 PM IRST Thread ID :1
transaction completed successfully
Wed 2015.11.18 at 06:12:07:613 PM IRST Thread ID :1
transaction completed successfully
Wed 2015.11.18 at 06:12:07:702 PM IRST Thread ID :1
transaction completed successfully
Wed 2015.11.18 at 06:12:52:070 PM IRST Thread ID :1
transaction completed successfully
Wed 2015.11.18 at 06:12:52:118 PM IRST Thread ID :1
transaction completed successfully
Wed 2015.11.18 at 06:14:44:447 PM IRST Thread ID :1
transaction completed successfully
Wed 2015.11.18 at 06:14:44:555 PM IRST Thread ID :1
transaction completed successfully
Wed 2015.11.18 at 06:14:44:566 PM IRST Thread ID :1
transaction completed successfully
Wed 2015.11.18 at 06:14:44:577 PM IRST Thread ID :1
transaction completed successfully
Wed 2015.11.18 at 06:17:15:488 PM IRST Thread ID :1
The IP address is wrong!
Wed 2015.11.18 at 06:22:50:038 PM IRST Thread ID :1
transaction with id : 1completed successfully
Wed 2015.11.18 at 06:22:50:094 PM IRST Thread ID :1
transaction with id : 2completed successfully
Wed 2015.11.18 at 06:22:50:107 PM IRST Thread ID :1
transaction with id : 3completed successfully
Wed 2015.11.18 at 06:22:50:120 PM IRST Thread ID :1
transaction with id : 4completed successfully
